<?xml version="1.0" encoding="UTF-8"?>
<robot generator="Robot 7.2.2 (Python 3.13.3 on win32)" generated="2025-05-16T17:13:39.107172" rpa="false" schemaversion="5">
<suite id="s1" name="RobotFrameWorkBasic" source="C:\RobotFrameWorkBasic">
<suite id="s1-s1" name="Tests" source="C:\RobotFrameWorkBasic\Tests">
<suite id="s1-s1-s1" name="Test LoginWithResource" source="C:\RobotFrameWorkBasic\Tests\Test_LoginWithResource.robot">
<test id="s1-s1-s1-t1" name="validate successful login" line="18">
<kw name="Open the browser with url" owner="resourceds">
<kw name="Create Webdriver" owner="SeleniumLibrary">
<msg time="2025-05-16T17:13:39.720174" level="INFO">Creating an instance of the Chrome WebDriver.</msg>
<arg>Chrome</arg>
<doc>Creates an instance of Selenium WebDriver.</doc>
<status status="PASS" start="2025-05-16T17:13:39.719289" elapsed="1.559884"/>
</kw>
<kw name="Go To" owner="SeleniumLibrary">
<msg time="2025-05-16T17:13:41.280141" level="INFO">Opening url 'https://opensource-demo.orangehrmlive.com/web/index.php/auth/login'</msg>
<arg>${URL}</arg>
<doc>Navigates the current browser window to the provided ``url``.</doc>
<status status="PASS" start="2025-05-16T17:13:41.279522" elapsed="5.561375"/>
</kw>
<kw name="Maximize Browser Window" owner="SeleniumLibrary">
<doc>Maximizes current browser window.</doc>
<status status="PASS" start="2025-05-16T17:13:46.841308" elapsed="0.046122"/>
</kw>
<kw name="Set Selenium Implicit Wait" owner="SeleniumLibrary">
<arg>5</arg>
<doc>Sets the implicit wait value used by Selenium.</doc>
<status status="PASS" start="2025-05-16T17:13:46.887832" elapsed="0.002818"/>
</kw>
<status status="PASS" start="2025-05-16T17:13:39.717234" elapsed="7.173741"/>
</kw>
<kw name="Fill the login form">
<kw name="Input Text" owner="SeleniumLibrary">
<msg time="2025-05-16T17:13:46.893931" level="INFO">Typing text '45678' into text field 'css:input[name=username]'.</msg>
<arg>css:input[name=username]</arg>
<arg>${username}</arg>
<doc>Types the given ``text`` into the text field identified by ``locator``.</doc>
<status status="PASS" start="2025-05-16T17:13:46.892454" elapsed="1.449970"/>
</kw>
<kw name="Input Password" owner="SeleniumLibrary">
<msg time="2025-05-16T17:13:48.345043" level="INFO">Typing password into text field 'css:input[name=password]'.</msg>
<msg time="2025-05-16T17:13:48.424753" level="INFO">Temporally setting log level to: NONE</msg>
<arg>css:input[name=password]</arg>
<arg>${password}</arg>
<doc>Types the given password into the text field identified by ``locator``.</doc>
<status status="PASS" start="2025-05-16T17:13:48.343826" elapsed="0.196581"/>
</kw>
<kw name="Click Button" owner="SeleniumLibrary">
<msg time="2025-05-16T17:13:48.541676" level="INFO">Clicking button 'css:.orangehrm-login-button'.</msg>
<arg>css:.orangehrm-login-button</arg>
<doc>Clicks the button identified by ``locator``.</doc>
<status status="PASS" start="2025-05-16T17:13:48.540841" elapsed="0.144849"/>
</kw>
<arg>${invlaid_username}</arg>
<arg>${invlaid_username}</arg>
<status status="PASS" start="2025-05-16T17:13:46.891600" elapsed="1.794671"/>
</kw>
<kw name="verify dashboard page opens">
<kw name="Element Text Should Be" owner="SeleniumLibrary">
<msg time="2025-05-16T17:13:48.689535" level="INFO">Verifying element 'css:#app &gt; div.oxd-layout.orangehrm-upgrade-layout &gt; div.oxd-layout-navigation &gt; header &gt; div.oxd-topbar-header &gt; div.oxd-topbar-header-title &gt; span &gt; h6' contains exact text 'Dashboard'.</msg>
<msg time="2025-05-16T17:13:54.906737" level="INFO" html="true">&lt;/td&gt;&lt;/tr&gt;&lt;tr&gt;&lt;td colspan="3"&gt;&lt;a href="selenium-screenshot-3.png"&gt;&lt;img src="selenium-screenshot-3.png" width="800px"&gt;&lt;/a&gt;</msg>
<msg time="2025-05-16T17:13:54.907533" level="FAIL">Element with locator 'css:#app &gt; div.oxd-layout.orangehrm-upgrade-layout &gt; div.oxd-layout-navigation &gt; header &gt; div.oxd-topbar-header &gt; div.oxd-topbar-header-title &gt; span &gt; h6' not found.</msg>
<arg>${dashboard_Text}</arg>
<arg>Dashboard</arg>
<doc>Verifies that element ``locator`` contains exact the text ``expected``.</doc>
<status status="FAIL" start="2025-05-16T17:13:48.688463" elapsed="6.226948">Element with locator 'css:#app &gt; div.oxd-layout.orangehrm-upgrade-layout &gt; div.oxd-layout-navigation &gt; header &gt; div.oxd-topbar-header &gt; div.oxd-topbar-header-title &gt; span &gt; h6' not found.</status>
</kw>
<status status="FAIL" start="2025-05-16T17:13:48.687208" elapsed="6.228780">Element with locator 'css:#app &gt; div.oxd-layout.orangehrm-upgrade-layout &gt; div.oxd-layout-navigation &gt; header &gt; div.oxd-topbar-header &gt; div.oxd-topbar-header-title &gt; span &gt; h6' not found.</status>
</kw>
<kw name="Close browser session" owner="resourceds">
<status status="NOT RUN" start="2025-05-16T17:13:54.916674" elapsed="0.000414"/>
</kw>
<tag>regression</tag>
<tag>smoke</tag>
<status status="FAIL" start="2025-05-16T17:13:39.714731" elapsed="15.202918">Element with locator 'css:#app &gt; div.oxd-layout.orangehrm-upgrade-layout &gt; div.oxd-layout-navigation &gt; header &gt; div.oxd-topbar-header &gt; div.oxd-topbar-header-title &gt; span &gt; h6' not found.</status>
</test>
<doc>Tests to login to login page</doc>
<status status="FAIL" start="2025-05-16T17:13:39.179093" elapsed="15.740948"/>
</suite>
<status status="FAIL" start="2025-05-16T17:13:39.173997" elapsed="15.749250"/>
</suite>
<status status="FAIL" start="2025-05-16T17:13:39.129302" elapsed="15.796563"/>
</suite>
<statistics>
<total>
<stat pass="0" fail="1" skip="0">All Tests</stat>
</total>
<tag>
<stat pass="0" fail="1" skip="0">regression</stat>
<stat pass="0" fail="1" skip="0">smoke</stat>
</tag>
<suite>
<stat name="RobotFrameWorkBasic" id="s1" pass="0" fail="1" skip="0">RobotFrameWorkBasic</stat>
<stat name="Tests" id="s1-s1" pass="0" fail="1" skip="0">RobotFrameWorkBasic.Tests</stat>
<stat name="Test LoginWithResource" id="s1-s1-s1" pass="0" fail="1" skip="0">RobotFrameWorkBasic.Tests.Test LoginWithResource</stat>
</suite>
</statistics>
<errors>
</errors>
</robot>
